<?xml version="1.0" encoding="UTF-8"?>
<coverage generated="1612141015769" clover="3.2.0">
  <project timestamp="1612141015769" name="All files">
    <metrics statements="8" coveredstatements="8" conditionals="0" coveredconditionals="0" methods="1" coveredmethods="1" elements="9" coveredelements="9" complexity="0" loc="8" ncloc="8" packages="1" files="1" classes="1"/>
    <file name="romanNumerals.util.js" path="/Users/jacobbadger/dev/web-homework/webapp/src/utils/romanNumerals.util.js">
      <metrics statements="8" coveredstatements="8" conditionals="0" coveredconditionals="0" methods="1" coveredmethods="1"/>
      <line num="1" count="1" type="stmt"/>
      <line num="2" count="3" type="stmt"/>
      <line num="3" count="3" type="stmt"/>
      <line num="4" count="3" type="stmt"/>
      <line num="5" count="39" type="stmt"/>
      <line num="6" count="21" type="stmt"/>
      <line num="7" count="21" type="stmt"/>
      <line num="10" count="3" type="stmt"/>
    </file>
  </project>
</coverage>
