{"/Users/jacobbadger/dev/web-homework/webapp/src/utils/romanNumerals.util.js": {"path":"/Users/jacobbadger/dev/web-homework/webapp/src/utils/romanNumerals.util.js","statementMap":{"0":{"start":{"line":1,"column":37},"end":{"line":11,"column":1}},"1":{"start":{"line":2,"column":17},"end":{"line":2,"column":118}},"2":{"start":{"line":3,"column":14},"end":{"line":3,"column":16}},"3":{"start":{"line":4,"column":2},"end":{"line":9,"column":3}},"4":{"start":{"line":5,"column":4},"end":{"line":8,"column":5}},"5":{"start":{"line":6,"column":6},"end":{"line":6,"column":16}},"6":{"start":{"line":7,"column":6},"end":{"line":7,"column":22}},"7":{"start":{"line":10,"column":2},"end":{"line":10,"column":14}}},"fnMap":{"0":{"name":"(anonymous_0)","decl":{"start":{"line":1,"column":37},"end":{"line":1,"column":38}},"loc":{"start":{"line":1,"column":46},"end":{"line":11,"column":1}},"line":1}},"branchMap":{},"s":{"0":1,"1":3,"2":3,"3":3,"4":39,"5":21,"6":21,"7":3},"f":{"0":3},"b":{},"_coverageSchema":"43e27e138ebf9cfc5966b082cf9a028302ed4184","hash":"5a92663aab15ed9c2c572033431dbdc705648630"}
}
